<?xml version="1.0" encoding="UTF-8"?>
<testsuite name="com.siba.myapplication.util.NetworkConnectionTest" tests="2" skipped="0" failures="0" errors="0" timestamp="2024-03-07T05:02:15" hostname="DESKTOP-LE4TCLE" time="4.606">
  <properties/>
  <testcase name="isNetworkAvailable should return false when internet is not available" classname="com.siba.myapplication.util.NetworkConnectionTest" time="4.581"/>
  <testcase name="isNetworkAvailable should return true when internet is available" classname="com.siba.myapplication.util.NetworkConnectionTest" time="0.025"/>
  <system-out><![CDATA[]]></system-out>
  <system-err><![CDATA[]]></system-err>
</testsuite>
